TN:
SF:D:/Blockchain-Solidity/LINA-repo/contracts/TokenERC20.sol
FN:13,mul
FN:25,div
FN:35,sub
FN:43,add
FN:61,Ownable
FN:68,onlyOwner
FN:77,transferOwnership
FN:112,TokenERC20
FN:129,totalSupply
FN:133,transfer
FN:144,balanceOf
FN:148,transferFrom
FN:160,approve
FN:166,allowance
FN:170,burn
FNF:15
FNH:13
FNDA:0,mul
FNDA:0,div
FNDA:12,sub
FNDA:5,add
FNDA:33,Ownable
FNDA:3,onlyOwner
FNDA:2,transferOwnership
FNDA:29,TokenERC20
FNDA:1,totalSupply
FNDA:4,transfer
FNDA:7,balanceOf
FNDA:7,transferFrom
FNDA:17,approve
FNDA:6,allowance
FNDA:3,burn
DA:14,0
DA:15,0
DA:17,0
DA:18,0
DA:19,0
DA:27,0
DA:29,0
DA:36,12
DA:37,12
DA:44,5
DA:45,5
DA:46,5
DA:62,33
DA:69,3
DA:70,2
DA:78,2
DA:79,1
DA:80,1
DA:119,29
DA:120,29
DA:121,29
DA:122,29
DA:124,29
DA:126,29
DA:130,1
DA:134,4
DA:135,3
DA:138,2
DA:139,2
DA:140,2
DA:141,2
DA:145,7
DA:149,7
DA:150,6
DA:151,4
DA:153,3
DA:154,3
DA:155,3
DA:156,3
DA:157,3
DA:161,17
DA:162,17
DA:163,17
DA:167,6
DA:171,3
DA:173,2
DA:174,2
DA:176,2
DA:177,2
LF:49
LH:42
BRDA:14,1,0,0
BRDA:14,1,1,0
BRDA:18,2,0,0
BRDA:18,2,1,0
BRDA:36,3,0,12
BRDA:36,3,1,0
BRDA:45,4,0,5
BRDA:45,4,1,0
BRDA:69,5,0,2
BRDA:69,5,1,1
BRDA:78,6,0,1
BRDA:78,6,1,1
BRDA:134,7,0,3
BRDA:134,7,1,1
BRDA:135,8,0,2
BRDA:135,8,1,1
BRDA:149,9,0,6
BRDA:149,9,1,1
BRDA:150,10,0,4
BRDA:150,10,1,2
BRDA:151,11,0,3
BRDA:151,11,1,1
BRDA:171,12,0,2
BRDA:171,12,1,1
BRF:24
BRH:18
end_of_record
