{"contracts\\TokenERC20.sol":{"l":{"14":0,"15":0,"17":0,"18":0,"19":0,"27":0,"29":0,"36":12,"37":12,"44":5,"45":5,"46":5,"62":33,"69":3,"70":2,"78":2,"79":1,"80":1,"119":29,"120":29,"121":29,"122":29,"124":29,"126":29,"130":1,"134":4,"135":3,"138":2,"139":2,"140":2,"141":2,"145":7,"149":7,"150":6,"151":4,"153":3,"154":3,"155":3,"156":3,"157":3,"161":17,"162":17,"163":17,"167":6,"171":3,"173":2,"174":2,"176":2,"177":2},"path":"D:/Blockchain-Solidity/LINA-repo/contracts/TokenERC20.sol","s":{"1":0,"2":0,"3":0,"4":0,"5":0,"6":0,"7":0,"8":12,"9":12,"10":5,"11":5,"12":5,"13":33,"14":3,"15":2,"16":1,"17":1,"18":29,"19":29,"20":29,"21":29,"22":29,"23":29,"24":1,"25":4,"26":3,"27":2,"28":2,"29":2,"30":2,"31":7,"32":7,"33":6,"34":4,"35":3,"36":3,"37":3,"38":3,"39":3,"40":17,"41":17,"42":17,"43":6,"44":3,"45":2,"46":2,"47":2,"48":2},"b":{"1":[0,0],"2":[0,0],"3":[12,0],"4":[5,0],"5":[2,1],"6":[1,1],"7":[3,1],"8":[2,1],"9":[6,1],"10":[4,2],"11":[3,1],"12":[2,1]},"f":{"1":0,"2":0,"3":12,"4":5,"5":33,"6":3,"7":2,"8":29,"9":1,"10":4,"11":7,"12":7,"13":17,"14":6,"15":3},"fnMap":{"1":{"name":"mul","line":13,"loc":{"start":{"line":13,"column":4},"end":{"line":13,"column":68}}},"2":{"name":"div","line":25,"loc":{"start":{"line":25,"column":4},"end":{"line":25,"column":68}}},"3":{"name":"sub","line":35,"loc":{"start":{"line":35,"column":4},"end":{"line":35,"column":68}}},"4":{"name":"add","line":43,"loc":{"start":{"line":43,"column":4},"end":{"line":43,"column":68}}},"5":{"name":"Ownable","line":61,"loc":{"start":{"line":61,"column":2},"end":{"line":61,"column":27}}},"6":{"name":"onlyOwner","line":68,"loc":{"start":{"line":68,"column":2},"end":{"line":68,"column":22}}},"7":{"name":"transferOwnership","line":77,"loc":{"start":{"line":77,"column":2},"end":{"line":77,"column":63}}},"8":{"name":"TokenERC20","line":112,"loc":{"start":{"line":112,"column":4},"end":{"line":118,"column":14}}},"9":{"name":"totalSupply","line":129,"loc":{"start":{"line":129,"column":4},"end":{"line":129,"column":54}}},"10":{"name":"transfer","line":133,"loc":{"start":{"line":133,"column":4},"end":{"line":133,"column":70}}},"11":{"name":"balanceOf","line":144,"loc":{"start":{"line":144,"column":4},"end":{"line":144,"column":74}}},"12":{"name":"transferFrom","line":148,"loc":{"start":{"line":148,"column":4},"end":{"line":148,"column":89}}},"13":{"name":"approve","line":160,"loc":{"start":{"line":160,"column":4},"end":{"line":160,"column":74}}},"14":{"name":"allowance","line":166,"loc":{"start":{"line":166,"column":4},"end":{"line":166,"column":84}}},"15":{"name":"burn","line":170,"loc":{"start":{"line":170,"column":4},"end":{"line":170,"column":54}}}},"statementMap":{"1":{"start":{"line":14,"column":8},"end":{"line":14,"column":309}},"2":{"start":{"line":15,"column":12},"end":{"line":15,"column":20}},"3":{"start":{"line":17,"column":8},"end":{"line":17,"column":24}},"4":{"start":{"line":18,"column":8},"end":{"line":18,"column":25}},"5":{"start":{"line":19,"column":8},"end":{"line":19,"column":16}},"6":{"start":{"line":27,"column":8},"end":{"line":27,"column":24}},"7":{"start":{"line":29,"column":8},"end":{"line":29,"column":16}},"8":{"start":{"line":36,"column":8},"end":{"line":36,"column":21}},"9":{"start":{"line":37,"column":8},"end":{"line":37,"column":20}},"10":{"start":{"line":44,"column":8},"end":{"line":44,"column":24}},"11":{"start":{"line":45,"column":8},"end":{"line":45,"column":21}},"12":{"start":{"line":46,"column":8},"end":{"line":46,"column":16}},"13":{"start":{"line":62,"column":4},"end":{"line":62,"column":21}},"14":{"start":{"line":69,"column":4},"end":{"line":69,"column":31}},"15":{"start":{"line":78,"column":4},"end":{"line":78,"column":34}},"16":{"start":{"line":79,"column":4},"end":{"line":79,"column":40}},"17":{"start":{"line":80,"column":4},"end":{"line":80,"column":19}},"18":{"start":{"line":119,"column":8},"end":{"line":119,"column":19}},"19":{"start":{"line":120,"column":8},"end":{"line":120,"column":23}},"20":{"start":{"line":121,"column":8},"end":{"line":121,"column":27}},"21":{"start":{"line":122,"column":8},"end":{"line":122,"column":36}},"22":{"start":{"line":124,"column":8},"end":{"line":124,"column":47}},"23":{"start":{"line":126,"column":8},"end":{"line":126,"column":49}},"24":{"start":{"line":130,"column":8},"end":{"line":130,"column":27}},"25":{"start":{"line":134,"column":8},"end":{"line":134,"column":33}},"26":{"start":{"line":135,"column":8},"end":{"line":135,"column":46}},"27":{"start":{"line":138,"column":8},"end":{"line":138,"column":62}},"28":{"start":{"line":139,"column":8},"end":{"line":139,"column":48}},"29":{"start":{"line":140,"column":8},"end":{"line":140,"column":40}},"30":{"start":{"line":141,"column":8},"end":{"line":141,"column":19}},"31":{"start":{"line":145,"column":8},"end":{"line":145,"column":31}},"32":{"start":{"line":149,"column":8},"end":{"line":149,"column":33}},"33":{"start":{"line":150,"column":8},"end":{"line":150,"column":41}},"34":{"start":{"line":151,"column":8},"end":{"line":151,"column":52}},"35":{"start":{"line":153,"column":8},"end":{"line":153,"column":52}},"36":{"start":{"line":154,"column":8},"end":{"line":154,"column":48}},"37":{"start":{"line":155,"column":8},"end":{"line":155,"column":74}},"38":{"start":{"line":156,"column":8},"end":{"line":156,"column":35}},"39":{"start":{"line":157,"column":8},"end":{"line":157,"column":19}},"40":{"start":{"line":161,"column":8},"end":{"line":161,"column":45}},"41":{"start":{"line":162,"column":8},"end":{"line":162,"column":45}},"42":{"start":{"line":163,"column":8},"end":{"line":163,"column":19}},"43":{"start":{"line":167,"column":8},"end":{"line":167,"column":40}},"44":{"start":{"line":171,"column":8},"end":{"line":171,"column":47}},"45":{"start":{"line":173,"column":8},"end":{"line":173,"column":63}},"46":{"start":{"line":174,"column":8},"end":{"line":174,"column":47}},"47":{"start":{"line":176,"column":8},"end":{"line":176,"column":32}},"48":{"start":{"line":177,"column":8},"end":{"line":177,"column":48}}},"branchMap":{"1":{"line":14,"type":"if","locations":[{"start":{"line":14,"column":8},"end":{"line":14,"column":8}},{"start":{"line":14,"column":8},"end":{"line":14,"column":8}}]},"2":{"line":18,"type":"if","locations":[{"start":{"line":18,"column":8},"end":{"line":18,"column":8}},{"start":{"line":18,"column":8},"end":{"line":18,"column":8}}]},"3":{"line":36,"type":"if","locations":[{"start":{"line":36,"column":8},"end":{"line":36,"column":8}},{"start":{"line":36,"column":8},"end":{"line":36,"column":8}}]},"4":{"line":45,"type":"if","locations":[{"start":{"line":45,"column":8},"end":{"line":45,"column":8}},{"start":{"line":45,"column":8},"end":{"line":45,"column":8}}]},"5":{"line":69,"type":"if","locations":[{"start":{"line":69,"column":4},"end":{"line":69,"column":4}},{"start":{"line":69,"column":4},"end":{"line":69,"column":4}}]},"6":{"line":78,"type":"if","locations":[{"start":{"line":78,"column":4},"end":{"line":78,"column":4}},{"start":{"line":78,"column":4},"end":{"line":78,"column":4}}]},"7":{"line":134,"type":"if","locations":[{"start":{"line":134,"column":8},"end":{"line":134,"column":8}},{"start":{"line":134,"column":8},"end":{"line":134,"column":8}}]},"8":{"line":135,"type":"if","locations":[{"start":{"line":135,"column":8},"end":{"line":135,"column":8}},{"start":{"line":135,"column":8},"end":{"line":135,"column":8}}]},"9":{"line":149,"type":"if","locations":[{"start":{"line":149,"column":8},"end":{"line":149,"column":8}},{"start":{"line":149,"column":8},"end":{"line":149,"column":8}}]},"10":{"line":150,"type":"if","locations":[{"start":{"line":150,"column":8},"end":{"line":150,"column":8}},{"start":{"line":150,"column":8},"end":{"line":150,"column":8}}]},"11":{"line":151,"type":"if","locations":[{"start":{"line":151,"column":8},"end":{"line":151,"column":8}},{"start":{"line":151,"column":8},"end":{"line":151,"column":8}}]},"12":{"line":171,"type":"if","locations":[{"start":{"line":171,"column":8},"end":{"line":171,"column":8}},{"start":{"line":171,"column":8},"end":{"line":171,"column":8}}]}}}}